<?xml version="1.0" encoding="UTF-8"?>
<coverage generated="1671134526829" clover="3.2.0">
  <project timestamp="1671134526829" name="All files">
    <metrics statements="15" coveredstatements="15" conditionals="6" coveredconditionals="3" methods="8" coveredmethods="8" elements="29" coveredelements="26" complexity="0" loc="15" ncloc="15" packages="1" files="2" classes="2"/>
    <file name="calculator.js" path="/home/dgcuenca/Microverse/Proyects/testingPracticeJest/calculator.js">
      <metrics statements="5" coveredstatements="5" conditionals="0" coveredconditionals="0" methods="5" coveredmethods="5"/>
      <line num="4" count="3" type="stmt"/>
      <line num="6" count="3" type="stmt"/>
      <line num="8" count="3" type="stmt"/>
      <line num="10" count="3" type="stmt"/>
      <line num="13" count="1" type="stmt"/>
    </file>
    <file name="string.js" path="/home/dgcuenca/Microverse/Proyects/testingPracticeJest/string.js">
      <metrics statements="10" coveredstatements="10" conditionals="6" coveredconditionals="3" methods="3" coveredmethods="3"/>
      <line num="2" count="1" type="cond" truecount="1" falsecount="1"/>
      <line num="3" count="1" type="cond" truecount="1" falsecount="1"/>
      <line num="4" count="1" type="stmt"/>
      <line num="8" count="1" type="stmt"/>
      <line num="9" count="1" type="stmt"/>
      <line num="10" count="6" type="stmt"/>
      <line num="12" count="1" type="stmt"/>
      <line num="16" count="1" type="cond" truecount="1" falsecount="1"/>
      <line num="17" count="1" type="stmt"/>
      <line num="20" count="1" type="stmt"/>
    </file>
  </project>
</coverage>
