{"/home/dgcuenca/Microverse/Proyects/testingPracticeJest/calculator.js": {"path":"/home/dgcuenca/Microverse/Proyects/testingPracticeJest/calculator.js","statementMap":{"0":{"start":{"line":4,"column":15},"end":{"line":4,"column":27}},"1":{"start":{"line":6,"column":20},"end":{"line":6,"column":32}},"2":{"start":{"line":8,"column":15},"end":{"line":8,"column":27}},"3":{"start":{"line":10,"column":16},"end":{"line":10,"column":28}},"4":{"start":{"line":13,"column":2},"end":{"line":13,"column":30}}},"fnMap":{"0":{"name":"(anonymous_0)","decl":{"start":{"line":2,"column":4},"end":{"line":2,"column":5}},"loc":{"start":{"line":2,"column":18},"end":{"line":2,"column":20}},"line":2},"1":{"name":"(anonymous_1)","decl":{"start":{"line":4,"column":4},"end":{"line":4,"column":5}},"loc":{"start":{"line":4,"column":14},"end":{"line":4,"column":28}},"line":4},"2":{"name":"(anonymous_2)","decl":{"start":{"line":6,"column":4},"end":{"line":6,"column":5}},"loc":{"start":{"line":6,"column":19},"end":{"line":6,"column":33}},"line":6},"3":{"name":"(anonymous_3)","decl":{"start":{"line":8,"column":4},"end":{"line":8,"column":5}},"loc":{"start":{"line":8,"column":14},"end":{"line":8,"column":28}},"line":8},"4":{"name":"(anonymous_4)","decl":{"start":{"line":10,"column":4},"end":{"line":10,"column":5}},"loc":{"start":{"line":10,"column":15},"end":{"line":10,"column":29}},"line":10}},"branchMap":{},"s":{"0":3,"1":3,"2":3,"3":3,"4":1},"f":{"0":1,"1":3,"2":3,"3":3,"4":3},"b":{},"_coverageSchema":"1a1c01bbd47fc00a2c39e90264f33305004495a9","hash":"cd84145341d5cbed5f19b91351c632acb33b6c76"}
,"/home/dgcuenca/Microverse/Proyects/testingPracticeJest/string.js": {"path":"/home/dgcuenca/Microverse/Proyects/testingPracticeJest/string.js","statementMap":{"0":{"start":{"line":2,"column":4},"end":{"line":2,"column":80}},"1":{"start":{"line":2,"column":23},"end":{"line":2,"column":80}},"2":{"start":{"line":3,"column":4},"end":{"line":3,"column":88}},"3":{"start":{"line":3,"column":28},"end":{"line":3,"column":88}},"4":{"start":{"line":4,"column":4},"end":{"line":4,"column":46}},"5":{"start":{"line":8,"column":25},"end":{"line":8,"column":27}},"6":{"start":{"line":9,"column":4},"end":{"line":11,"column":5}},"7":{"start":{"line":9,"column":17},"end":{"line":9,"column":34}},"8":{"start":{"line":10,"column":6},"end":{"line":10,"column":34}},"9":{"start":{"line":12,"column":4},"end":{"line":12,"column":26}},"10":{"start":{"line":16,"column":4},"end":{"line":16,"column":45}},"11":{"start":{"line":16,"column":23},"end":{"line":16,"column":45}},"12":{"start":{"line":17,"column":4},"end":{"line":17,"column":60}},"13":{"start":{"line":20,"column":2},"end":{"line":24,"column":3}}},"fnMap":{"0":{"name":"stringLength","decl":{"start":{"line":1,"column":9},"end":{"line":1,"column":21}},"loc":{"start":{"line":1,"column":30},"end":{"line":5,"column":3}},"line":1},"1":{"name":"reverseString","decl":{"start":{"line":7,"column":11},"end":{"line":7,"column":24}},"loc":{"start":{"line":7,"column":33},"end":{"line":13,"column":3}},"line":7},"2":{"name":"capitalize","decl":{"start":{"line":15,"column":11},"end":{"line":15,"column":21}},"loc":{"start":{"line":15,"column":30},"end":{"line":18,"column":3}},"line":15}},"branchMap":{"0":{"loc":{"start":{"line":2,"column":4},"end":{"line":2,"column":80}},"type":"if","locations":[{"start":{"line":2,"column":4},"end":{"line":2,"column":80}},{"start":{},"end":{}}],"line":2},"1":{"loc":{"start":{"line":3,"column":4},"end":{"line":3,"column":88}},"type":"if","locations":[{"start":{"line":3,"column":4},"end":{"line":3,"column":88}},{"start":{},"end":{}}],"line":3},"2":{"loc":{"start":{"line":16,"column":4},"end":{"line":16,"column":45}},"type":"if","locations":[{"start":{"line":16,"column":4},"end":{"line":16,"column":45}},{"start":{},"end":{}}],"line":16}},"s":{"0":1,"1":0,"2":1,"3":0,"4":1,"5":1,"6":1,"7":1,"8":6,"9":1,"10":1,"11":0,"12":1,"13":1},"f":{"0":1,"1":1,"2":1},"b":{"0":[0,1],"1":[0,1],"2":[0,1]},"_coverageSchema":"1a1c01bbd47fc00a2c39e90264f33305004495a9","hash":"e0e7d8032eec0a14410fce5c3fd7e5b86584a778"}
}
