TN:
SF:calculator.js
FN:2,(anonymous_0)
FN:4,(anonymous_1)
FN:6,(anonymous_2)
FN:8,(anonymous_3)
FN:10,(anonymous_4)
FNF:5
FNH:5
FNDA:1,(anonymous_0)
FNDA:3,(anonymous_1)
FNDA:3,(anonymous_2)
FNDA:3,(anonymous_3)
FNDA:3,(anonymous_4)
DA:4,3
DA:6,3
DA:8,3
DA:10,3
DA:13,1
LF:5
LH:5
BRF:0
BRH:0
end_of_record
TN:
SF:string.js
FN:1,stringLength
FN:7,reverseString
FN:15,capitalize
FNF:3
FNH:3
FNDA:1,stringLength
FNDA:1,reverseString
FNDA:1,capitalize
DA:2,1
DA:3,1
DA:4,1
DA:8,1
DA:9,1
DA:10,6
DA:12,1
DA:16,1
DA:17,1
DA:20,1
LF:10
LH:10
BRDA:2,0,0,0
BRDA:2,0,1,1
BRDA:3,1,0,0
BRDA:3,1,1,1
BRDA:16,2,0,0
BRDA:16,2,1,1
BRF:6
BRH:3
end_of_record
